500
0 506 1418 3387 8960 4830 6107
1 3387 6107 7453 9142 2548 4000
2 6107 7453 2548 1735 923 3126
3 6107 2548 3126 2720 5952 4139
4 6107 3217 9459 8318 4600 6443
5 6107 4600 4187 9588 5486 4181
6 9588 5486 4181 3971 4142 974
7 9588 3971 4142 3133 636 4861
8 3971 4142 3133 8750 8872 6443
9 3971 4142 8872 9458 6713 2181
10 3971 4142 8872 9458 6172 5691
11 3971 4142 8872 5691 4830 4998
12 3971 4142 8872 5691 4830 4339
13 3971 4142 8872 5691 4339 4351
14 3971 4142 8872 4339 4351 4599
15 3971 4142 8872 4351 386 7129
16 4142 8872 4351 386 5427 6527
17 8872 4351 386 6527 636 9695
18 8872 4351 386 636 5130 2381
19 8872 4351 636 2381 9382 4076
20 8872 4351 636 7010 3780 1804
21 8872 4351 636 7010 3780 3471
22 8872 4351 3780 6121 2221 9634
23 8872 4351 9389 5937 6307 3654
24 8872 5937 6307 2631 361 7648
25 8872 6307 2631 361 7648 7453
26 8872 6307 2631 361 7453 2224
27 8872 2631 361 7453 2224 4323
28 8872 2631 361 8926 6948 9963
29 8872 2631 361 9963 6493 9128
30 8872 9963 7763 2953 7279 1200
31 8872 1200 2436 9963 7348 6395
32 8872 9963 6395 97 2584 8861
33 8872 9963 6395 97 2584 6165
34 8872 9963 6395 2584 6165 5246
35 8872 9963 5246 6265 2253 4061
36 8872 9963 5246 4061 6265 7129
37 8872 9963 5246 2502 5562 3931
38 8872 9963 5246 8521 2504 6444
39 8872 9963 5246 2567 8186 9714
40 8872 5246 2567 9714 1689 1735
41 8872 2567 5829 3605 587 6315
42 8872 2567 5829 3605 587 2664
43 8872 5829 1278 6317 4806 8458
44 8872 5829 1278 6317 6066 280
45 8872 1278 6066 280 8011 9966
46 8872 1278 6066 9475 9189 2284
47 8872 9475 9189 2284 8895 1664
48 8872 9189 8895 1664 5829 4158
49 8872 9189 4158 5299 1520 5829
50 8872 9189 4158 1520 7947 3619
51 8872 9189 4158 1520 3619 706
52 8872 9189 4158 1520 3619 9895
53 8872 9189 4158 3619 3556 5646
54 8872 4158 3619 3556 5705 9011
55 8872 4158 3619 3556 5705 1011
56 8872 4158 3619 3556 5705 1011
57 8872 4158 3619 3556 1011 6265
58 8872 4158 3619 3556 6265 3347
59 8872 4158 3619 3556 6265 6872
60 8872 4158 3619 3556 6265 6872
61 8872 4158 3619 3556 6265 4461
62 8872 4158 3619 3556 6265 4461
63 8872 4158 3619 3556 6265 5191
64 8872 4158 3619 3556 6265 5191
65 8872 4158 3619 3556 6265 5191
66 8872 4158 3619 6265 5191 5669
67 8872 4158 3619 6265 5191 5669
68 8872 4158 3619 6265 5191 4452
69 8872 4158 6265 4452 222 7174
70 8872 4158 6265 4452 8399 9895
71 8872 4158 6265 4452 9895 8389
72 8872 4158 6265 4452 9895 8389
73 8872 4158 6265 4452 9895 8389
74 8872 4158 6265 9895 8389 5847
75 8872 4158 6265 8389 5847 8739
76 8872 4158 6265 8389 5847 8739
77 8872 4158 6265 8739 5624 5952
78 8872 4158 6265 8739 5624 6072
79 8872 4158 6265 8739 5624 6072
80 8872 4158 6265 5624 9382 6312
81 8872 4158 6312 4380 3306 1418
82 8872 4158 1418 7913 763 9634
83 8872 4158 9634 1302 3614 659
84 8872 4158 1302 3614 659 9158
85 8872 4158 1302 659 9158 636
86 8872 4158 9158 636 2560 8801
87 8872 4158 9158 636 2560 4417
88 8872 4158 9158 3351 5624 4058
89 8872 4158 9158 4058 5551 6167
90 8872 4158 9158 4058 5551 6167
91 8872 4158 9158 4058 5551 8424
92 8872 4158 9158 5551 8424 7818
93 8872 4158 9158 5551 8424 3816
94 8872 4158 9158 8424 3816 5425
95 8872 4158 9158 8424 3816 3459
96 8872 4158 9158 8424 3816 3459
97 8872 4158 9158 8424 8039 5611
98 8872 4158 9158 8424 8039 5611
99 8872 4158 9158 8424 7763 2567
100 8872 4158 9158 8424 7763 2567
101 8872 4158 9158 8424 2567 8567
102 8872 4158 9158 8424 2567 2548
103 8872 4158 9158 8424 2567 2548
104 8872 4158 9158 8424 2567 6776
105 8872 4158 9158 2567 403 7523
106 8872 4158 9158 2567 3200 8984
107 8872 4158 9158 4076 7357 7555
108 8872 4158 9158 4076 8542 1304
109 8872 4158 9158 4076 8542 1304
110 8872 4076 1304 8835 1435 9072
111 8872 1304 9072 1194 1331 7430
112 8872 1304 1194 7430 1359 2069
113 8872 1304 1359 6757 9572 3311
114 8872 1304 9572 3311 8334 2011
115 8872 1304 3311 8334 2011 4830
116 8872 3311 2020 5618 5084 7510
117 8872 2020 4217 6183 7279 7074
118 8872 6183 7279 7074 2258 7076
119 8872 7279 2258 1235 3217 42
120 8872 7279 2258 3171 1028 1350
121 8872 7279 1028 1350 9895 7074
122 8872 7279 1350 9895 7074 2044
123 8872 7279 1350 9895 2044 1114
124 8872 7279 9895 4048 9161 4451
125 8872 7279 4048 4451 2548 8039
126 8872 7279 4048 4451 5016 231
127 8872 7279 4048 231 7416 6794
128 8872 7279 4048 231 7416 1203
129 8872 7279 1203 797 2460 3200
130 8872 7279 1203 2460 3200 1046
131 8872 7279 2460 6593 7887 8542
132 8872 7279 6527 6783 9715 1316
133 8872 7279 6527 9715 1316 2843
134 8872 7279 9715 4115 263 8960
135 8872 7279 263 1011 9929 3480
136 8872 7279 263 9929 3480 909
137 8872 7279 263 909 1592 6974
138 7279 5093 5618 2689 6572 8063
139 7279 5093 5618 2689 8063 2993
140 7279 5093 5618 2689 8063 2258
141 7279 5093 2689 2258 464 263
142 7279 5093 2689 2258 8199 2631
143 7279 5093 2258 8199 2210 9963
144 7279 5093 2258 8199 4867 9647
145 7279 2258 4867 231 3274 4229
146 7279 231 4229 9863 5024 8664
147 7279 4229 9863 8750 3759 7378
148 7279 8750 7378 9905 6607 4291
149 7279 7378 4291 9895 4076 2089
150 7279 7378 4291 4076 1687 3778
151 7279 7378 4291 3778 9459 6971
152 7279 7378 4291 3778 9459 3793
153 7279 4291 3778 9459 9693 2835
154 7279 4291 3778 9459 2835 9508
155 7279 4291 9459 9508 9053 9413
156 7279 4291 2743 8281 7963 6527
157 7279 4291 7963 8271 3085 2620
158 7279 4291 7963 2765 5675 1203
159 7279 4291 7963 2765 1203 4867
160 7279 4291 7963 2765 1203 6703
161 7279 4291 7963 1203 6703 582
162 7279 4291 1203 6703 1024 7923
163 7279 4291 1203 7923 909 6439
164 7279 4291 4023 1735 7923 1062
165 7279 4291 1735 7897 416 8059
166 7279 4291 1735 8059 2354 5486
167 7279 4291 1735 5486 1239 9693
168 7279 4291 1735 9693 500 1592
169 7279 4291 1735 9693 500 8779
170 7279 4291 1735 9693 500 8779
171 7279 4291 1735 9693 500 8779
172 7279 4291 1735 9693 500 6027
173 7279 4291 1735 9693 500 3793
174 4291 1735 9693 500 3793 8654
175 4291 1735 9693 500 3793 8654
176 4291 1735 9693 500 7265 5093
177 4291 1735 9693 500 2636 4363
178 4291 1735 9693 500 2636 4363
179 4291 1735 9693 500 7667 4370
180 4291 9693 500 7667 4370 1046
181 4291 9693 500 7667 9856 9752
182 4291 9693 500 7667 9856 9752
183 4291 9693 500 7667 9856 9752
184 4291 9693 9856 9752 361 8108
185 4291 9693 9856 9752 361 7494
186 4291 9693 9856 9752 4417 2567
187 4291 9693 9856 9752 6279 9204
188 4291 9693 9856 9752 9204 8108
189 4291 9693 9856 9752 9204 8108
190 4291 9693 9856 9752 9204 8108
191 4291 9693 9856 9752 9204 8108
192 4291 9693 9856 9752 8108 3978
193 4291 9693 8108 1027 3057 242
194 4291 9693 8108 1027 3126 7927
195 4291 9693 8108 1027 3126 5336
196 4291 9693 8108 1027 4279 3849
197 4291 9693 8108 1027 3849 6167
198 4291 8108 1027 3849 2548 3019
199 4291 8108 1027 3849 2548 6379
200 4291 8108 1027 9067 4083 4499
201 4291 8108 1027 9067 4083 1592
202 4291 8108 1027 4083 8992 7107
203 4291 8108 1027 7107 1899 8413
204 4291 8108 1027 4366 4103 6854
205 4291 1027 153 7144 4980 9981
206 4291 1027 4980 9981 4599 8737
207 4291 1027 4599 8737 2502 4217
208 4291 1027 8737 2502 4217 706
209 4291 1027 8737 2502 4217 706
210 4291 1027 706 1033 153 1062
211 4291 1027 706 1033 153 4076
212 4291 1027 1033 7674 2826 8073
213 4291 1027 1033 2826 9118 2548
214 4291 1027 1033 2993 8818 7523
215 4291 1027 2993 8818 4936 1268
216 4291 1027 2993 8818 7887 3698
217 4291 1027 8818 7887 500 1712
218 4291 1027 8818 7887 500 3217
219 4291 1027 8818 7887 500 9767
220 4291 8818 7887 500 8389 7168
221 4291 8818 7887 500 7638 807
222 4291 8818 500 8650 2224 1435
223 4291 8818 500 1435 2296 2457
224 4291 8818 500 1435 5731 3954
225 4291 8818 500 1435 9571 7783
226 4291 8818 9571 8796 7412 6597
227 4291 8818 9571 8796 7999 2631
228 4291 8818 9571 8796 7999 1200
229 4291 8818 9571 8796 7999 9472
230 4291 8818 9571 8796 7999 7298
231 4291 8818 8796 7999 7298 7357
232 4291 8818 8796 7999 5602 763
233 4291 8818 8796 7999 5602 763
234 4291 8818 8796 7999 9784 2291
235 4291 8818 8796 7999 2291 9280
236 4291 8818 8796 7999 2291 9280
237 4291 8818 8796 7999 6107 1291
238 4291 8818 8796 7999 6107 5669
239 4291 8818 8796 6107 3133 1200
240 4291 8818 8796 6107 6794 5551
241 4291 8818 8796 4058 6974 9774
242 4291 8818 8796 6974 7827 2314
243 4291 8818 8796 6974 4321 6548
244 4291 8818 8796 4366 7279 7925
245 4291 8818 8796 5672 5757 506
246 4291 8818 8796 5757 6823 5878
247 4291 8818 8796 5757 5878 9571
248 4291 8818 8796 5757 9571 3746
249 4291 8818 8796 5757 3746 6457
250 4291 8818 8796 5757 6457 8801
251 4291 8818 8796 8801 5729 8244
252 4291 8818 8796 154 7947 5549
253 4291 8818 8796 154 7947 5549
254 4291 8818 8796 7947 5549 1488
255 4291 8818 8796 7947 5549 429
256 4291 8818 8796 7947 429 6457
257 4291 8818 8796 7947 6457 1703
258 4291 8818 8796 7947 2230 3310
259 4291 8818 8796 7947 2230 3310
260 4291 8818 8796 7947 2230 2689
261 4291 8818 8796 7947 2230 2689
262 4291 8818 8796 7947 2689 2044
263 4291 8818 8796 7947 2689 2044
264 4291 8818 8796 7947 2689 2044
265 4291 8818 8796 7947 2689 1881
266 4291 8818 8796 7947 2689 3854
267 4291 8818 7947 2689 7840 1207
268 4291 8818 7947 2689 1207 1836
269 4291 8818 7947 2689 2548 7768
270 4291 8818 7947 2689 7768 8045
271 4291 8818 2689 7768 5974 4936
272 4291 8818 7768 4936 3057 2826
273 4291 8818 4936 2826 3544 2504
274 4291 8818 4936 2826 3544 7635
275 4291 8818 4936 2826 3544 7635
276 4291 8818 4936 2826 3544 4867
277 4291 8818 4936 2826 3544 3868
278 4291 8818 2826 3544 3868 6312
279 4291 8818 3544 3868 5404 7923
280 4291 8818 3544 5404 7923 8389
281 4291 8818 3544 7923 8389 5847
282 4291 8818 3544 7923 5847 679
283 4291 8818 3544 7923 5847 9941
284 4291 8818 3544 7923 5847 7174
285 4291 8818 3544 7923 5847 7174
286 4291 8818 3544 7923 5847 2494
287 4291 8818 3544 7923 5847 6704
288 4291 8818 3544 7923 5847 6704
289 4291 8818 3544 7923 5847 9824
290 4291 8818 3544 7923 5847 9824
291 4291 8818 3544 7923 5847 8739
292 4291 8818 3544 7923 5847 6527
293 4291 8818 3544 7923 6527 855
294 4291 8818 3544 7923 6183 1021
295 4291 8818 3544 7923 7475 7211
296 4291 8818 3544 7923 7475 9987
297 4291 8818 3544 7923 9987 8038
298 4291 8818 3544 7923 9987 8038
299 4291 8818 3544 7923 9987 8038
300 4291 8818 3544 7923 9987 8038
301 4291 8818 3544 7923 7661 6379
302 4291 8818 3544 7923 6379 3085
303 4291 8818 3544 7923 6379 3085
304 4291 8818 3544 7923 6379 3085
305 4291 8818 3544 7923 6379 3085
306 4291 8818 3544 7923 8682 429
307 4291 8818 3544 7923 429 7322
308 4291 8818 3544 7923 429 2953
309 4291 8818 3544 7923 429 2953
310 4291 8818 3544 7923 429 2953
311 4291 8818 3544 7923 2953 3440
312 4291 8818 3544 7923 2953 1783
313 4291 8818 3544 7923 2953 1783
314 4291 8818 3544 7923 2953 1783
315 4291 8818 3544 7923 2953 1938
316 4291 3544 7923 2953 3492 7412
317 4291 3544 7923 3492 7412 7322
318 4291 3544 7923 7412 7322 5191
319 4291 3544 7923 7322 3962 627
320 4291 3544 7923 7322 9053 1488
321 4291 3544 7923 7322 9053 1488
322 4291 3544 7923 7322 1906 9161
323 4291 3544 7923 7322 1906 9161
324 4291 3544 7923 7322 1906 8226
325 4291 3544 7923 7322 1906 3182
326 4291 3544 7923 7322 8420 6757
327 4291 3544 7923 7322 2588 1768
328 4291 3544 7923 7322 2588 2886
329 4291 3544 7923 7322 2588 2886
330 4291 3544 7923 7322 2886 8424
331 4291 3544 7923 7322 5371 317
332 4291 3544 7923 7322 5371 317
333 4291 3544 7923 7322 5371 107
334 4291 3544 7923 7322 4088 9981
335 4291 3544 7923 7322 4088 1021
336 4291 3544 7923 4088 1021 8383
337 4291 3544 7923 1021 8383 7840
338 4291 3544 7923 8383 5285 5835
339 4291 3544 7923 8383 3611 1420
340 4291 3544 7923 8383 3611 1284
341 4291 3544 7923 8383 3611 1284
342 4291 3544 7923 1284 3531 9929
343 4291 3544 7923 1284 9929 6548
344 4291 3544 7923 9929 6548 8861
345 4291 3544 7923 9929 6548 4251
346 4291 3544 7923 9929 6548 4251
347 4291 3544 7923 9929 4251 3778
348 4291 3544 7923 9929 4251 3778
349 4291 3544 7923 9929 3311 6345
350 4291 3544 7923 9929 3311 6345
351 4291 3544 7923 9929 3311 2221
352 4291 3544 7923 9929 6279 5410
353 4291 3544 7923 9929 3868 5722
354 4291 3544 7923 9929 5722 2378
355 4291 3544 7923 9929 5722 2378
356 4291 3544 7923 9929 5722 2378
357 4291 3544 7923 9929 2378 6703
358 4291 3544 7923 9929 8625 1620
359 4291 3544 7923 9929 1620 1558
360 4291 3544 7923 9929 1620 4998
361 4291 3544 7923 9929 1620 8895
362 4291 3544 7923 9929 8895 7287
363 4291 3544 7923 9929 8895 7287
364 4291 3544 7923 9929 8895 3682
365 4291 3544 7923 9929 8895 3682
366 4291 3544 7923 9929 8895 7838
367 4291 3544 7923 9929 8895 2492
368 4291 3544 7923 9929 8895 2703
369 4291 3544 7923 9929 8895 2703
370 4291 3544 7923 9929 8895 2703
371 4291 3544 7923 9929 2703 9189
372 4291 3544 7923 9929 2703 9189
373 4291 3544 7923 9929 2703 9189
374 4291 3544 7923 2703 9189 7783
375 4291 3544 7923 9189 7783 8633
376 4291 3544 7923 9189 7783 3778
377 4291 3544 7923 9189 7783 3778
378 4291 3544 7923 9189 3778 2061
379 4291 3544 7923 9189 3778 2061
380 4291 3544 7923 9189 6395 4247
381 4291 3544 7923 9189 6395 1108
382 4291 3544 7923 6395 4318 9142
383 4291 3544 7923 9142 2504 4048
384 4291 3544 7923 2504 5540 348
385 4291 3544 7923 1318 6757 3888
386 4291 3544 7923 6757 2258 9128
387 4291 3544 7923 6757 2258 9128
388 4291 3544 7923 6757 2258 6971
389 4291 3544 7923 6971 5883 8099
390 4291 3544 7923 5883 4417 7412
391 4291 3544 7923 5883 7412 5252
392 4291 3544 7923 5883 7412 5252
393 4291 3544 7923 5883 5252 9695
394 4291 3544 7923 9695 1030 6601
395 4291 3544 7923 9695 1030 6601
396 4291 3544 7923 7112 7712 3768
397 4291 3544 7923 7112 3768 4331
398 4291 3544 7923 3768 9429 4503
399 4291 3544 7923 9429 4503 5382
400 4291 3544 7923 9429 5382 2514
401 4291 3544 7923 9429 5382 2514
402 4291 3544 7923 9429 5382 4599
403 4291 3544 7923 9429 5382 4599
404 4291 3544 7923 4599 3205 5056
405 4291 3544 7923 4599 5056 403
406 4291 3544 7923 4599 5056 403
407 4291 3544 7923 4599 5056 7437
408 4291 3544 7923 4599 5056 7925
409 4291 3544 7923 4599 7877 7774
410 4291 3544 7923 4599 7877 4088
411 4291 3544 7923 9346 2296 2068
412 4291 3544 7923 2296 2851 9651
413 4291 3544 7923 2296 2851 9651
414 4291 3544 7923 2296 2851 9651
415 4291 3544 7923 2296 2851 9651
416 4291 3544 7923 2296 9651 1312
417 4291 3544 7923 9651 5377 2769
418 4291 3544 7923 9651 6607 1643
419 4291 3544 7923 9651 6607 1643
420 4291 3544 7923 9651 6607 1643
421 4291 3544 7923 9651 6607 1643
422 4291 3544 7923 9651 6607 6307
423 4291 3544 7923 9651 6607 9108
424 4291 3544 7923 9651 6607 7638
425 4291 3544 7923 9651 6607 7638
426 4291 3544 7923 9651 1735 9784
427 4291 3544 7923 9651 1735 2457
428 4291 3544 7923 9651 2457 7687
429 4291 3544 7923 9651 2457 9389
430 4291 3544 7923 9651 5611 6167
431 4291 3544 7923 9651 5611 6167
432 4291 3544 7923 9651 6167 6517
433 4291 3544 7923 9651 6167 6517
434 4291 3544 7923 9651 6167 6517
435 4291 3544 7923 9651 6517 4279
436 3544 7923 9651 6517 5579 8739
437 3544 7923 9651 6517 5579 5371
438 3544 7923 9651 5579 2291 3749
439 3544 7923 9651 5579 9799 2953
440 3544 7923 9651 1733 8010 6858
441 3544 7923 9651 1733 6858 7174
442 3544 7923 9651 7174 8817 5377
443 3544 7923 9651 7174 5377 6299
444 3544 7923 9651 7174 5377 6299
445 3544 7923 9651 7174 6866 7712
446 3544 7923 9651 7174 7712 9161
447 3544 7923 9651 7174 7712 6548
448 3544 7923 9651 7712 6548 9389
449 3544 7923 9651 7712 6548 9389
450 3544 7923 9651 6548 2754 6866
451 3544 7923 9651 1938 2941 8984
452 3544 7923 9651 2941 7140 1033
453 3544 7923 9651 2941 7140 1033
454 3544 7923 9651 2941 7140 1033
455 3544 7923 9651 7140 1033 1899
456 3544 7923 9651 7140 1899 7559
457 3544 7923 9651 7140 1899 7559
458 3544 7923 9651 1899 7559 2719
459 3544 7923 9651 1899 2719 1002
460 3544 2719 1002 4122 9059 224
461 3544 2719 1002 4122 9059 224
462 3544 2719 1002 4122 9059 224
463 3544 2719 9059 827 5159 491
464 3544 2719 9059 827 491 4363
465 3544 2719 9059 2948 9067 1207
466 3544 2719 9059 2948 3931 3126
467 3544 2719 9059 2948 3126 6723
468 3544 2719 9059 9690 2703 2779
469 3544 2719 9059 9690 2703 3770
470 3544 2719 9059 9690 3770 3759
471 3544 2719 9059 9690 1507 2886
472 3544 2719 9059 1507 7327 4656
473 3544 2719 9059 1507 7327 5036
474 3544 2719 9059 1507 7327 1532
475 3544 2719 9059 1507 7327 1532
476 3544 2719 9059 1507 7327 9389
477 3544 2719 9059 1507 7327 1078
478 3544 2719 9059 1507 7327 7322
479 3544 2719 9059 1507 7327 2076
480 3544 2719 9059 1507 7327 8389
481 3544 2719 9059 1507 7327 8389
482 3544 2719 9059 1507 7327 8389
483 3544 2719 9059 1507 7327 1558
484 3544 2719 9059 1507 7327 1558
485 3544 2719 9059 1507 7327 1371
486 3544 2719 9059 1507 7327 1371
487 3544 2719 9059 1507 7327 1371
488 3544 2719 9059 1507 7327 1371
489 3544 2719 9059 1507 1371 587
490 3544 2719 9059 1507 1371 587
491 3544 2719 9059 1507 1371 587
492 3544 2719 9059 1507 1371 587
493 3544 2719 9059 1507 1371 587
494 3544 2719 9059 1371 2514 9588
495 3544 2719 9059 1371 9588 6828
496 3544 2719 9059 1371 9588 7493
497 3544 2719 9059 1371 9588 7493
498 3544 2719 9059 1371 5285 2953
499 3544 2719 9059 1371 2743 1304
