100
0 311 405 295 9798 433 8843 248 94 6779 826 5359 1563 59 39 4120 2498 202
1 311 405 295 9798 433 8843 248 94 826 5359 1563 59 39 4120 2498 202 437
2 311 405 295 9798 433 8843 94 826 5359 1563 59 39 4120 2498 202 437 5666
3 311 405 295 9798 433 8843 94 826 5359 1563 59 39 4120 2498 202 437 5666
4 311 405 295 9798 433 8843 94 826 5359 1563 59 39 4120 2498 202 437 5666
5 311 405 295 9798 433 8843 94 826 5359 1563 59 39 4120 2498 202 437 5666
6 311 405 295 9798 433 8843 94 826 5359 1563 59 39 4120 437 5666 6408 68
7 311 405 295 9798 433 8843 94 5359 1563 59 39 4120 437 5666 6408 68 1234
8 311 405 295 9798 433 8843 94 5359 1563 4120 437 5666 6408 68 1234 39 1373
9 311 405 295 9798 433 8843 94 5359 1563 4120 437 5666 6408 68 1234 39 1373
10 311 405 295 9798 433 8843 94 5359 1563 4120 437 5666 6408 68 1234 39 1373
11 311 405 295 9798 433 8843 94 5359 1563 4120 437 5666 6408 68 1234 39 1373
12 311 405 295 9798 433 8843 94 5359 1563 4120 437 5666 68 1234 39 1373 6549
13 311 405 295 9798 433 8843 94 5359 1563 4120 437 5666 68 1234 39 1373 6549
14 311 405 295 9798 433 8843 94 5359 1563 4120 437 5666 68 1234 39 1373 6549
15 311 405 295 9798 433 8843 94 5359 1563 4120 437 5666 68 1234 39 1373 6549
16 311 405 295 9798 433 8843 94 5359 1563 4120 5666 68 1234 1373 6549 1071 2987
17 311 405 295 9798 433 8843 94 5359 1563 4120 5666 68 1234 1373 6549 1071 2987
18 311 405 295 9798 433 8843 94 5359 1563 4120 5666 68 1234 1373 6549 1071 2987
19 311 405 295 9798 433 8843 94 5359 1563 4120 5666 68 1234 1373 6549 1071 2987
20 311 405 295 9798 433 8843 94 5359 1563 5666 68 1234 1373 6549 1071 2987 169
21 311 405 295 433 8843 94 5359 1563 5666 68 1234 1373 1071 2987 169 5027 39
22 311 405 295 433 8843 94 5359 1563 5666 68 1234 1373 1071 2987 169 5027 39
23 311 405 295 8843 94 5359 1563 5666 68 1234 1373 1071 2987 169 5027 39 588
24 311 405 295 8843 94 5359 1563 5666 68 1234 1373 1071 2987 169 5027 39 588
25 311 405 295 8843 94 5359 1563 5666 68 1234 1373 1071 2987 169 5027 39 588
26 311 405 295 8843 94 5359 1563 5666 68 1234 1373 1071 2987 169 5027 39 588
27 311 405 295 8843 94 5359 1563 5666 68 1234 1373 1071 2987 169 39 588 8006
28 311 405 295 8843 94 5359 1563 5666 68 1234 1373 1071 2987 169 39 588 8006
29 311 405 295 8843 94 5359 1563 5666 68 1234 1373 1071 2987 169 39 8006 529
30 311 405 295 8843 94 5359 1563 5666 68 1234 1373 1071 2987 169 39 8006 529
31 311 405 295 8843 94 5359 1563 5666 68 1234 1373 1071 2987 169 39 8006 529
32 311 405 295 8843 94 1563 5666 68 1234 1373 1071 2987 169 8006 529 4824 433
33 311 405 295 8843 94 1563 5666 68 1234 1373 1071 2987 169 8006 529 4824 433
34 311 405 295 8843 94 1563 5666 68 1234 1373 1071 2987 169 8006 529 4824 433
35 311 405 295 8843 94 1563 5666 68 1234 1373 1071 2987 169 8006 529 4824 433
36 311 405 295 8843 94 1563 5666 68 1234 1373 1071 2987 169 8006 529 4824 433
37 311 405 295 8843 94 1563 5666 68 1234 1373 1071 2987 169 8006 529 4824 433
38 311 405 8843 94 1563 5666 68 1234 1373 1071 2987 169 8006 529 4824 433 124
39 311 405 8843 94 1563 5666 68 1234 1373 1071 2987 169 8006 529 4824 433 124
40 311 405 94 1563 5666 1234 1373 1071 2987 169 8006 529 4824 433 124 1514 1213
41 311 405 94 1563 5666 1234 1373 1071 2987 8006 529 4824 433 124 1213 127 1382
42 311 405 94 1563 5666 1234 1373 1071 2987 8006 529 4824 433 124 127 1382 2938
43 311 405 94 1563 5666 1234 1373 1071 2987 8006 529 4824 433 124 127 1382 2938
44 311 405 94 1563 5666 1234 1373 1071 2987 8006 529 4824 433 124 127 1382 2938
45 311 405 94 1563 5666 1234 1373 1071 2987 8006 529 4824 433 124 127 1382 2938
46 311 405 94 1563 5666 1234 1373 1071 2987 8006 529 433 124 127 1382 2938 430
47 311 405 94 1563 5666 1234 1373 1071 2987 8006 529 433 124 127 1382 2938 430
48 311 405 94 1563 5666 1234 1373 1071 2987 529 433 124 127 1382 2938 430 5170
49 311 405 94 1563 5666 1234 1373 1071 2987 529 433 124 127 1382 2938 430 5170
50 311 405 94 1563 5666 1234 1373 1071 2987 529 433 124 127 1382 2938 430 5170
51 311 405 94 1563 5666 1234 1373 1071 2987 529 124 127 1382 2938 430 5170 1636
52 311 405 94 1563 5666 1234 1373 1071 2987 529 124 127 1382 2938 430 5170 1636
53 311 405 94 1563 5666 1234 1373 1071 2987 529 124 127 1382 2938 430 5170 1636
54 311 405 94 1563 5666 1234 1373 1071 2987 529 124 127 1382 2938 430 5170 1636
55 311 405 94 1563 5666 1234 1373 1071 2987 529 124 127 1382 2938 430 5170 1636
56 311 405 94 1563 5666 1234 1071 2987 529 124 127 1382 2938 430 5170 1636 514
57 311 405 94 1563 5666 1234 1071 2987 529 124 127 1382 2938 430 5170 1636 514
58 311 405 94 1563 5666 1234 1071 2987 529 124 127 1382 2938 430 5170 1636 514
59 311 405 94 1563 5666 1234 1071 2987 529 124 127 1382 2938 430 5170 1636 514
60 311 405 94 1563 5666 1234 1071 2987 529 124 127 1382 2938 430 5170 1636 514
61 311 405 94 1563 5666 1234 1071 2987 529 124 127 1382 2938 430 5170 1636 514
62 311 405 94 1563 5666 1234 1071 2987 529 124 127 1382 2938 430 5170 1636 514
63 311 405 94 1563 5666 1234 1071 2987 529 124 127 1382 2938 430 5170 1636 514
64 311 405 94 1563 5666 1234 1071 2987 529 124 127 1382 2938 430 5170 1636 514
65 311 405 94 1563 5666 1234 1071 2987 529 124 127 1382 2938 430 5170 1636 514
66 311 405 94 1563 5666 1234 1071 2987 529 124 127 1382 2938 430 5170 1636 514
67 311 405 94 1563 5666 1234 1071 2987 529 124 127 1382 2938 430 5170 1636 514
68 311 405 94 1563 5666 1234 1071 2987 529 124 127 1382 2938 430 1636 514 99
69 311 405 94 1563 5666 1234 1071 2987 529 124 127 1382 2938 430 1636 514 99
70 311 405 94 1563 5666 1234 1071 2987 529 124 127 1382 2938 430 1636 514 99
71 311 405 94 1563 5666 1234 1071 2987 529 124 127 1382 2938 430 1636 514 99
72 311 405 94 1563 5666 1234 1071 2987 529 124 127 1382 2938 430 1636 514 99
73 311 405 94 1563 5666 1234 1071 2987 529 124 127 1382 2938 430 1636 514 99
74 311 405 94 1563 5666 1234 1071 2987 529 124 127 1382 2938 430 1636 514 939
75 311 405 94 1563 5666 1234 1071 2987 529 124 127 1382 2938 430 1636 514 939
76 311 405 94 1563 5666 1234 1071 2987 529 124 127 1382 2938 430 1636 514 939
77 311 405 1563 5666 1234 1071 2987 529 124 127 1382 430 1636 514 939 576 276
78 311 405 1563 5666 1234 1071 2987 529 124 127 1382 430 1636 514 939 576 276
79 311 405 1563 5666 1234 1071 2987 529 124 127 1382 430 1636 514 939 576 276
80 311 405 1563 5666 1234 1071 529 124 127 1382 430 1636 514 939 576 276 5492
81 311 405 1563 5666 1234 1071 529 124 127 1382 430 1636 514 939 576 276 5492
82 311 405 1563 5666 1234 1071 529 124 127 1382 430 1636 514 939 576 276 5492
83 311 405 1563 5666 1234 1071 529 124 127 1382 430 1636 514 939 576 276 5492
84 311 405 1563 5666 1234 1071 529 124 127 1382 430 1636 514 939 576 276 5492
85 311 405 1563 5666 1234 1071 529 124 127 1382 430 1636 939 576 276 5492 936
86 311 405 1563 5666 1234 1071 529 124 127 1382 430 1636 576 276 5492 936 2312
87 311 405 1563 5666 1234 1071 529 124 127 1382 430 1636 576 276 5492 936 4211
88 311 405 1563 5666 1234 1071 529 124 127 1382 430 1636 576 276 5492 936 4211
89 311 405 1563 5666 1234 529 124 127 1382 430 1636 576 276 5492 936 1208 4211
90 311 405 1563 5666 1234 529 124 127 1382 430 1636 576 276 5492 936 1208 4211
91 311 405 1563 5666 1234 529 124 127 1382 430 1636 576 276 5492 936 1208 4211
92 311 405 1563 5666 1234 529 124 127 1382 430 1636 576 276 5492 936 1208 4211
93 311 405 1563 5666 1234 529 124 127 1382 430 1636 576 276 5492 936 1208 99
94 311 405 1563 5666 1234 529 124 127 1382 430 1636 576 276 5492 936 1208 99
95 311 405 1563 5666 1234 529 124 127 1382 430 1636 576 276 5492 936 1208 99
96 311 405 1563 5666 1234 529 124 127 1382 430 1636 576 276 5492 936 1208 99
97 311 405 1563 5666 1234 529 124 127 1382 430 1636 576 276 5492 936 1208 99
98 311 405 1563 5666 1234 529 124 127 1382 430 1636 576 276 5492 936 1208 407
99 311 405 1563 5666 1234 529 124 127 1382 430 576 276 5492 936 1208 5792 217
